2011.05.18 17:46 B C:\Program Files\WS_FTP\Web biotecnologia\css\closelabel.gif --> hortofruit.biotec.uma.es D_WEB3:[WWW_HORTOFRUIT.HORTOFRUIT.Web^_biotecnologia.css] closelabel.gif
2011.05.18 17:46 B C:\Program Files\WS_FTP\Web biotecnologia\css\hoverbox.css --> hortofruit.biotec.uma.es D_WEB3:[WWW_HORTOFRUIT.HORTOFRUIT.Web^_biotecnologia.css] hoverbox.css
2011.05.18 17:46 B C:\Program Files\WS_FTP\Web biotecnologia\css\ie_fixes.css --> hortofruit.biotec.uma.es D_WEB3:[WWW_HORTOFRUIT.HORTOFRUIT.Web^_biotecnologia.css] ie_fixes.css
2011.05.18 17:46 B C:\Program Files\WS_FTP\Web biotecnologia\css\interface.js --> hortofruit.biotec.uma.es D_WEB3:[WWW_HORTOFRUIT.HORTOFRUIT.Web^_biotecnologia.css] interface.js
2011.05.18 17:46 B C:\Program Files\WS_FTP\Web biotecnologia\css\jquery.js --> hortofruit.biotec.uma.es D_WEB3:[WWW_HORTOFRUIT.HORTOFRUIT.Web^_biotecnologia.css] jquery.js
2011.05.18 17:46 B C:\Program Files\WS_FTP\Web biotecnologia\css\loading.gif --> hortofruit.biotec.uma.es D_WEB3:[WWW_HORTOFRUIT.HORTOFRUIT.Web^_biotecnologia.css] loading.gif
2011.05.18 17:46 B C:\Program Files\WS_FTP\Web biotecnologia\css\mootools.js --> hortofruit.biotec.uma.es D_WEB3:[WWW_HORTOFRUIT.HORTOFRUIT.Web^_biotecnologia.css] mootools.js
2011.05.18 17:46 B C:\Program Files\WS_FTP\Web biotecnologia\css\nextlabel.gif --> hortofruit.biotec.uma.es D_WEB3:[WWW_HORTOFRUIT.HORTOFRUIT.Web^_biotecnologia.css] nextlabel.gif
2011.05.18 17:46 B C:\Program Files\WS_FTP\Web biotecnologia\css\prevlabel.gif --> hortofruit.biotec.uma.es D_WEB3:[WWW_HORTOFRUIT.HORTOFRUIT.Web^_biotecnologia.css] prevlabel.gif
2011.05.18 17:46 B C:\Program Files\WS_FTP\Web biotecnologia\css\slimbox.css --> hortofruit.biotec.uma.es D_WEB3:[WWW_HORTOFRUIT.HORTOFRUIT.Web^_biotecnologia.css] slimbox.css
2011.05.18 17:46 B C:\Program Files\WS_FTP\Web biotecnologia\css\slimbox.js --> hortofruit.biotec.uma.es D_WEB3:[WWW_HORTOFRUIT.HORTOFRUIT.Web^_biotecnologia.css] slimbox.js
2011.05.19 12:14 B C:\Program Files\WS_FTP\Web biotecnologia\css\closelabel.gif --> hortofruit.biotec.uma.es D_WEB3:[WWW_HORTOFRUIT.HORTOFRUIT.css] closelabel.gif
2011.05.19 12:14 B C:\Program Files\WS_FTP\Web biotecnologia\css\hoverbox.css --> hortofruit.biotec.uma.es D_WEB3:[WWW_HORTOFRUIT.HORTOFRUIT.css] hoverbox.css
2011.05.19 12:14 B C:\Program Files\WS_FTP\Web biotecnologia\css\ie_fixes.css --> hortofruit.biotec.uma.es D_WEB3:[WWW_HORTOFRUIT.HORTOFRUIT.css] ie_fixes.css
2011.05.19 12:14 B C:\Program Files\WS_FTP\Web biotecnologia\css\interface.js --> hortofruit.biotec.uma.es D_WEB3:[WWW_HORTOFRUIT.HORTOFRUIT.css] interface.js
2011.05.19 12:14 B C:\Program Files\WS_FTP\Web biotecnologia\css\jquery.js --> hortofruit.biotec.uma.es D_WEB3:[WWW_HORTOFRUIT.HORTOFRUIT.css] jquery.js
2011.05.19 12:14 B C:\Program Files\WS_FTP\Web biotecnologia\css\loading.gif --> hortofruit.biotec.uma.es D_WEB3:[WWW_HORTOFRUIT.HORTOFRUIT.css] loading.gif
2011.05.19 12:14 B C:\Program Files\WS_FTP\Web biotecnologia\css\mootools.js --> hortofruit.biotec.uma.es D_WEB3:[WWW_HORTOFRUIT.HORTOFRUIT.css] mootools.js
2011.05.19 12:14 B C:\Program Files\WS_FTP\Web biotecnologia\css\nextlabel.gif --> hortofruit.biotec.uma.es D_WEB3:[WWW_HORTOFRUIT.HORTOFRUIT.css] nextlabel.gif
2011.05.19 12:14 B C:\Program Files\WS_FTP\Web biotecnologia\css\prevlabel.gif --> hortofruit.biotec.uma.es D_WEB3:[WWW_HORTOFRUIT.HORTOFRUIT.css] prevlabel.gif
2011.05.19 12:14 B C:\Program Files\WS_FTP\Web biotecnologia\css\slimbox.css --> hortofruit.biotec.uma.es D_WEB3:[WWW_HORTOFRUIT.HORTOFRUIT.css] slimbox.css
2011.05.19 12:14 B C:\Program Files\WS_FTP\Web biotecnologia\css\slimbox.js --> hortofruit.biotec.uma.es D_WEB3:[WWW_HORTOFRUIT.HORTOFRUIT.css] slimbox.js
